2019-09-13 16:56:33,551 ----------------------------------------------------------------------------------------------------
2019-09-13 16:56:33,551 Evaluation method: MICRO_F1_SCORE
2019-09-13 16:56:33,553 ----------------------------------------------------------------------------------------------------
2019-09-13 16:56:35,011 epoch 1 - iter 0/135 - loss 42.88358307
2019-09-13 16:56:59,097 epoch 1 - iter 13/135 - loss 29.71983283
2019-09-13 16:57:21,746 epoch 1 - iter 26/135 - loss 26.68135643
2019-09-13 16:57:44,878 epoch 1 - iter 39/135 - loss 24.72004509
2019-09-13 16:58:10,780 epoch 1 - iter 52/135 - loss 22.85732949
2019-09-13 16:58:35,509 epoch 1 - iter 65/135 - loss 21.16235398
2019-09-13 16:58:57,838 epoch 1 - iter 78/135 - loss 19.99167452
2019-09-13 16:59:24,120 epoch 1 - iter 91/135 - loss 19.08761140
2019-09-13 16:59:49,908 epoch 1 - iter 104/135 - loss 18.18002822
2019-09-13 17:00:13,154 epoch 1 - iter 117/135 - loss 17.42500826
2019-09-13 17:00:40,366 epoch 1 - iter 130/135 - loss 16.80228248
2019-09-13 17:00:48,099 ----------------------------------------------------------------------------------------------------
2019-09-13 17:00:48,099 EPOCH 1 done: loss 16.7398 - lr 0.1000 - bad epochs 0
2019-09-13 17:01:44,654 DEV  : loss 10.39208508 - f-score 0.6282 - acc 0.4580
2019-09-13 17:02:42,589 TEST : loss 10.26942635 - f-score 0.5831 - acc 0.4116
2019-09-13 17:02:49,232 ----------------------------------------------------------------------------------------------------
2019-09-13 17:02:50,026 epoch 2 - iter 0/135 - loss 9.18377495
2019-09-13 17:02:58,473 epoch 2 - iter 13/135 - loss 11.68926191
2019-09-13 17:03:05,893 epoch 2 - iter 26/135 - loss 10.98151384
2019-09-13 17:03:13,867 epoch 2 - iter 39/135 - loss 10.69937534
2019-09-13 17:03:23,188 epoch 2 - iter 52/135 - loss 10.66618842
2019-09-13 17:03:31,257 epoch 2 - iter 65/135 - loss 10.46109659
2019-09-13 17:03:40,003 epoch 2 - iter 78/135 - loss 10.57025830
2019-09-13 17:03:47,916 epoch 2 - iter 91/135 - loss 10.46355045
2019-09-13 17:03:56,822 epoch 2 - iter 104/135 - loss 10.50590638
2019-09-13 17:04:05,191 epoch 2 - iter 117/135 - loss 10.37940386
2019-09-13 17:04:12,990 epoch 2 - iter 130/135 - loss 10.27995893
2019-09-13 17:04:15,450 ----------------------------------------------------------------------------------------------------
2019-09-13 17:04:15,451 EPOCH 2 done: loss 10.3020 - lr 0.1000 - bad epochs 0
2019-09-13 17:04:36,332 DEV  : loss 8.42306519 - f-score 0.6944 - acc 0.5318
2019-09-13 17:04:57,261 TEST : loss 8.68560219 - f-score 0.6385 - acc 0.4689
2019-09-13 17:05:01,375 ----------------------------------------------------------------------------------------------------
2019-09-13 17:05:02,047 epoch 3 - iter 0/135 - loss 9.38971424
2019-09-13 17:05:09,944 epoch 3 - iter 13/135 - loss 9.11640075
2019-09-13 17:05:17,860 epoch 3 - iter 26/135 - loss 9.01474773
2019-09-13 17:05:27,060 epoch 3 - iter 39/135 - loss 9.12975312
2019-09-13 17:05:36,516 epoch 3 - iter 52/135 - loss 9.09625300
2019-09-13 17:05:45,315 epoch 3 - iter 65/135 - loss 9.20298428
2019-09-13 17:05:53,814 epoch 3 - iter 78/135 - loss 9.20986078
2019-09-13 17:06:03,083 epoch 3 - iter 91/135 - loss 9.19690676
2019-09-13 17:06:10,325 epoch 3 - iter 104/135 - loss 9.04729196
2019-09-13 17:06:18,808 epoch 3 - iter 117/135 - loss 9.03082525
2019-09-13 17:06:27,296 epoch 3 - iter 130/135 - loss 8.99667576
2019-09-13 17:06:30,079 ----------------------------------------------------------------------------------------------------
2019-09-13 17:06:30,079 EPOCH 3 done: loss 9.0520 - lr 0.1000 - bad epochs 0
2019-09-13 17:06:50,331 DEV  : loss 8.23689651 - f-score 0.6819 - acc 0.5173
2019-09-13 17:07:11,462 TEST : loss 8.31004810 - f-score 0.6393 - acc 0.4698
2019-09-13 17:07:15,180 ----------------------------------------------------------------------------------------------------
2019-09-13 17:07:15,757 epoch 4 - iter 0/135 - loss 8.03347683
2019-09-13 17:07:24,259 epoch 4 - iter 13/135 - loss 8.13439911
2019-09-13 17:07:32,201 epoch 4 - iter 26/135 - loss 8.27731758
2019-09-13 17:07:40,859 epoch 4 - iter 39/135 - loss 8.65997454
2019-09-13 17:07:48,929 epoch 4 - iter 52/135 - loss 8.52999572
2019-09-13 17:07:56,976 epoch 4 - iter 65/135 - loss 8.45625445
2019-09-13 17:08:05,302 epoch 4 - iter 78/135 - loss 8.45702758
2019-09-13 17:08:13,913 epoch 4 - iter 91/135 - loss 8.40988042
2019-09-13 17:08:21,861 epoch 4 - iter 104/135 - loss 8.41904805
2019-09-13 17:08:31,691 epoch 4 - iter 117/135 - loss 8.45679156
2019-09-13 17:08:39,891 epoch 4 - iter 130/135 - loss 8.38590694
2019-09-13 17:08:41,841 ----------------------------------------------------------------------------------------------------
2019-09-13 17:08:41,841 EPOCH 4 done: loss 8.3641 - lr 0.1000 - bad epochs 0
2019-09-13 17:09:02,612 DEV  : loss 7.94322920 - f-score 0.7160 - acc 0.5576
2019-09-13 17:09:24,702 TEST : loss 8.33145905 - f-score 0.6588 - acc 0.4912
2019-09-13 17:09:29,463 ----------------------------------------------------------------------------------------------------
2019-09-13 17:09:30,168 epoch 5 - iter 0/135 - loss 8.52100277
2019-09-13 17:09:38,412 epoch 5 - iter 13/135 - loss 7.72453959
2019-09-13 17:09:47,564 epoch 5 - iter 26/135 - loss 7.95702191
2019-09-13 17:09:55,899 epoch 5 - iter 39/135 - loss 8.05817809
2019-09-13 17:10:04,218 epoch 5 - iter 52/135 - loss 8.24692627
2019-09-13 17:10:12,363 epoch 5 - iter 65/135 - loss 8.11541229
2019-09-13 17:10:20,735 epoch 5 - iter 78/135 - loss 8.08509576
2019-09-13 17:10:29,230 epoch 5 - iter 91/135 - loss 8.02010822
2019-09-13 17:10:38,300 epoch 5 - iter 104/135 - loss 8.01145851
2019-09-13 17:10:46,376 epoch 5 - iter 117/135 - loss 8.03464330
2019-09-13 17:10:54,469 epoch 5 - iter 130/135 - loss 8.01882413
2019-09-13 17:10:56,566 ----------------------------------------------------------------------------------------------------
2019-09-13 17:10:56,566 EPOCH 5 done: loss 8.0258 - lr 0.1000 - bad epochs 0
2019-09-13 17:11:17,479 DEV  : loss 7.48131227 - f-score 0.7222 - acc 0.5652
2019-09-13 17:11:38,505 TEST : loss 7.76000643 - f-score 0.6732 - acc 0.5073
2019-09-13 17:11:42,349 ----------------------------------------------------------------------------------------------------
2019-09-13 17:11:42,810 epoch 6 - iter 0/135 - loss 6.70300055
2019-09-13 17:11:50,980 epoch 6 - iter 13/135 - loss 7.65639952
2019-09-13 17:11:58,836 epoch 6 - iter 26/135 - loss 7.64789391
2019-09-13 17:12:08,009 epoch 6 - iter 39/135 - loss 7.61041946
2019-09-13 17:12:17,300 epoch 6 - iter 52/135 - loss 7.77158333
2019-09-13 17:12:25,770 epoch 6 - iter 65/135 - loss 7.76274378
2019-09-13 17:12:34,039 epoch 6 - iter 78/135 - loss 7.74213635
2019-09-13 17:12:42,671 epoch 6 - iter 91/135 - loss 7.77058381
2019-09-13 17:12:50,543 epoch 6 - iter 104/135 - loss 7.71166509
2019-09-13 17:12:58,783 epoch 6 - iter 117/135 - loss 7.72164790
2019-09-13 17:13:07,327 epoch 6 - iter 130/135 - loss 7.69598196
2019-09-13 17:13:09,470 ----------------------------------------------------------------------------------------------------
2019-09-13 17:13:09,470 EPOCH 6 done: loss 7.7073 - lr 0.1000 - bad epochs 0
2019-09-13 17:13:30,287 DEV  : loss 7.32865381 - f-score 0.7282 - acc 0.5726
2019-09-13 17:13:51,622 TEST : loss 7.59292746 - f-score 0.6853 - acc 0.5213
2019-09-13 17:13:55,461 ----------------------------------------------------------------------------------------------------
2019-09-13 17:13:55,986 epoch 7 - iter 0/135 - loss 7.85964966
2019-09-13 17:14:05,210 epoch 7 - iter 13/135 - loss 7.68911563
2019-09-13 17:14:13,081 epoch 7 - iter 26/135 - loss 7.63225140
2019-09-13 17:14:21,611 epoch 7 - iter 39/135 - loss 7.49941140
2019-09-13 17:14:29,372 epoch 7 - iter 52/135 - loss 7.36425050
2019-09-13 17:14:38,505 epoch 7 - iter 65/135 - loss 7.40545976
2019-09-13 17:14:47,356 epoch 7 - iter 78/135 - loss 7.37648749
2019-09-13 17:14:56,014 epoch 7 - iter 91/135 - loss 7.40464078
2019-09-13 17:15:04,922 epoch 7 - iter 104/135 - loss 7.41537536
2019-09-13 17:15:13,460 epoch 7 - iter 117/135 - loss 7.47868590
2019-09-13 17:15:22,150 epoch 7 - iter 130/135 - loss 7.47703935
2019-09-13 17:15:24,330 ----------------------------------------------------------------------------------------------------
2019-09-13 17:15:24,331 EPOCH 7 done: loss 7.4440 - lr 0.1000 - bad epochs 0
2019-09-13 17:15:45,755 DEV  : loss 7.43364573 - f-score 0.7166 - acc 0.5583
2019-09-13 17:16:06,792 TEST : loss 7.47471762 - f-score 0.6815 - acc 0.5168
2019-09-13 17:16:11,225 ----------------------------------------------------------------------------------------------------
2019-09-13 17:16:11,825 epoch 8 - iter 0/135 - loss 6.92618704
2019-09-13 17:16:20,590 epoch 8 - iter 13/135 - loss 7.09158114
2019-09-13 17:16:29,108 epoch 8 - iter 26/135 - loss 7.13799143
2019-09-13 17:16:38,494 epoch 8 - iter 39/135 - loss 7.25791413
2019-09-13 17:16:47,325 epoch 8 - iter 52/135 - loss 7.33642383
2019-09-13 17:16:55,340 epoch 8 - iter 65/135 - loss 7.21106114
2019-09-13 17:17:03,326 epoch 8 - iter 78/135 - loss 7.26268929
2019-09-13 17:17:11,883 epoch 8 - iter 91/135 - loss 7.22879095
2019-09-13 17:17:20,161 epoch 8 - iter 104/135 - loss 7.24437917
2019-09-13 17:17:29,216 epoch 8 - iter 117/135 - loss 7.29696205
2019-09-13 17:17:37,600 epoch 8 - iter 130/135 - loss 7.25697675
2019-09-13 17:17:39,854 ----------------------------------------------------------------------------------------------------
2019-09-13 17:17:39,854 EPOCH 8 done: loss 7.2476 - lr 0.1000 - bad epochs 0
2019-09-13 17:18:01,184 DEV  : loss 7.43843794 - f-score 0.7207 - acc 0.5634
2019-09-13 17:18:24,924 TEST : loss 7.40103769 - f-score 0.6794 - acc 0.5145
2019-09-13 17:18:29,019 ----------------------------------------------------------------------------------------------------
2019-09-13 17:18:29,690 epoch 9 - iter 0/135 - loss 6.46975803
2019-09-13 17:18:39,808 epoch 9 - iter 13/135 - loss 6.72201777
2019-09-13 17:18:48,425 epoch 9 - iter 26/135 - loss 7.04562000
2019-09-13 17:18:57,047 epoch 9 - iter 39/135 - loss 7.14691052
2019-09-13 17:19:05,334 epoch 9 - iter 52/135 - loss 6.99056126
2019-09-13 17:19:13,379 epoch 9 - iter 65/135 - loss 6.95515659
2019-09-13 17:19:21,974 epoch 9 - iter 78/135 - loss 6.92739618
2019-09-13 17:19:31,326 epoch 9 - iter 91/135 - loss 6.97383222
2019-09-13 17:19:41,288 epoch 9 - iter 104/135 - loss 6.97216023
2019-09-13 17:19:50,262 epoch 9 - iter 117/135 - loss 7.05442229
2019-09-13 17:19:59,253 epoch 9 - iter 130/135 - loss 7.04180009
2019-09-13 17:20:02,174 ----------------------------------------------------------------------------------------------------
2019-09-13 17:20:02,174 EPOCH 9 done: loss 7.0691 - lr 0.1000 - bad epochs 0
2019-09-13 17:20:25,585 DEV  : loss 7.25035763 - f-score 0.7297 - acc 0.5745
2019-09-13 17:20:48,955 TEST : loss 7.21333599 - f-score 0.6957 - acc 0.5334
2019-09-13 17:20:55,910 ----------------------------------------------------------------------------------------------------
2019-09-13 17:20:56,735 epoch 10 - iter 0/135 - loss 12.82810593
2019-09-13 17:21:06,545 epoch 10 - iter 13/135 - loss 6.71727984
2019-09-13 17:21:14,383 epoch 10 - iter 26/135 - loss 6.55447995
2019-09-13 17:21:22,809 epoch 10 - iter 39/135 - loss 6.49884213
2019-09-13 17:21:32,916 epoch 10 - iter 52/135 - loss 6.79662714
2019-09-13 17:21:41,210 epoch 10 - iter 65/135 - loss 6.84357064
2019-09-13 17:21:51,624 epoch 10 - iter 78/135 - loss 7.00446212
2019-09-13 17:22:00,776 epoch 10 - iter 91/135 - loss 6.97655301
2019-09-13 17:22:10,364 epoch 10 - iter 104/135 - loss 7.04058817
2019-09-13 17:22:19,980 epoch 10 - iter 117/135 - loss 7.01822377
2019-09-13 17:22:29,493 epoch 10 - iter 130/135 - loss 7.02826805
2019-09-13 17:22:32,042 ----------------------------------------------------------------------------------------------------
2019-09-13 17:22:32,042 EPOCH 10 done: loss 6.9987 - lr 0.1000 - bad epochs 0
2019-09-13 17:22:55,173 DEV  : loss 7.35697031 - f-score 0.7186 - acc 0.5608
2019-09-13 17:23:17,606 TEST : loss 7.21579599 - f-score 0.6873 - acc 0.5235
2019-09-13 17:23:21,643 ----------------------------------------------------------------------------------------------------
2019-09-13 17:23:22,381 epoch 11 - iter 0/135 - loss 7.97656822
2019-09-13 17:23:31,196 epoch 11 - iter 13/135 - loss 6.86086236
2019-09-13 17:23:40,477 epoch 11 - iter 26/135 - loss 7.04317709
2019-09-13 17:23:48,478 epoch 11 - iter 39/135 - loss 7.00558399
2019-09-13 17:23:56,736 epoch 11 - iter 52/135 - loss 6.74196823
2019-09-13 17:24:05,167 epoch 11 - iter 65/135 - loss 6.82539340
2019-09-13 17:24:15,392 epoch 11 - iter 78/135 - loss 6.83090169
2019-09-13 17:24:24,033 epoch 11 - iter 91/135 - loss 6.77616713
2019-09-13 17:24:33,242 epoch 11 - iter 104/135 - loss 6.75518970
2019-09-13 17:24:43,252 epoch 11 - iter 117/135 - loss 6.81179766
2019-09-13 17:24:52,092 epoch 11 - iter 130/135 - loss 6.81624337
2019-09-13 17:24:54,967 ----------------------------------------------------------------------------------------------------
2019-09-13 17:24:54,968 EPOCH 11 done: loss 6.8320 - lr 0.1000 - bad epochs 0
2019-09-13 17:25:17,081 DEV  : loss 7.13717556 - f-score 0.7372 - acc 0.5838
